<?xml version="1.0" encoding="UTF-8"?>
<testng-results skipped="0" failed="0" total="1" passed="1">
  <reporter-output>
  </reporter-output>
  <suite name="Surefire suite" duration-ms="39999" started-at="2021-01-08T16:29:50Z" finished-at="2021-01-08T16:30:30Z">
    <groups>
    </groups>
    <test name="Surefire test" duration-ms="39999" started-at="2021-01-08T16:29:50Z" finished-at="2021-01-08T16:30:30Z">
      <class name="com.yourcompany.SampleSauceTest">
        <test-method status="PASS" signature="main()[pri:0, instance:com.yourcompany.SampleSauceTest@5b464ce8]" name="main" duration-ms="39987" started-at="2021-01-08T10:29:50Z" finished-at="2021-01-08T10:30:30Z">
          <reporter-output>
          </reporter-output>
        </test-method> <!-- main -->
      </class> <!-- com.yourcompany.SampleSauceTest -->
    </test> <!-- Surefire test -->
  </suite> <!-- Surefire suite -->
</testng-results>
